<?xml version="1.0" encoding="UTF-8"?>
<!-- Generated by org.testng.reporters.JUnitReportReporter -->
<testsuite hostname="Amaradhi" name="com.vasu.testng.MultipleTestNgTest" tests="3" failures="0" timestamp="21 Mar 2019 21:42:53 GMT" time="0.015" errors="0">
  <testcase name="appLaunch" time="0.015" classname="com.vasu.testng.MultipleTestNgTest"/>
  <testcase name="appLogin" time="0.000" classname="com.vasu.testng.MultipleTestNgTest"/>
  <testcase name="appClose" time="0.000" classname="com.vasu.testng.MultipleTestNgTest"/>
</testsuite> <!-- com.vasu.testng.MultipleTestNgTest -->
