<?xml version="1.0" encoding="UTF-8"?>
<!-- Generated by org.testng.reporters.JUnitReportReporter -->
<testsuite hostname="Amaradhi" name="com.vasu.testng.FirstTestNgTest" tests="1" failures="0" timestamp="24 Mar 2019 19:59:20 GMT" time="0.000" errors="0">
  <testcase name="first" time="0.000" classname="com.vasu.testng.FirstTestNgTest"/>
</testsuite> <!-- com.vasu.testng.FirstTestNgTest -->
