<?xml version="1.0" encoding="UTF-8"?>
<!-- Generated by org.testng.reporters.JUnitReportReporter -->
<testsuite hostname="Amaradhi" name="com.vasu.testng.AdminLogin" tests="1" failures="0" timestamp="24 Mar 2019 19:59:20 GMT" time="12.157" errors="0">
  <testcase name="adminLogin" time="12.157" classname="com.vasu.testng.AdminLogin"/>
</testsuite> <!-- com.vasu.testng.AdminLogin -->
