<?xml version="1.0" encoding="UTF-8"?>
<!-- Generated by org.testng.reporters.JUnitReportReporter -->
<testsuite hostname="Amaradhi" name="com.vasu.testng.BeforeTestAfterTest" tests="1" failures="0" timestamp="24 Mar 2019 21:29:41 GMT" time="2.960" errors="0">
  <testcase name="appLogin" time="2.960" classname="com.vasu.testng.BeforeTestAfterTest"/>
</testsuite> <!-- com.vasu.testng.BeforeTestAfterTest -->
