<?xml version="1.0" encoding="UTF-8"?>
<!-- Generated by org.testng.reporters.JUnitReportReporter -->
<testsuite hostname="Amaradhi" name="com.vasu.testng.AnnotationTest" tests="2" failures="0" timestamp="24 Mar 2019 19:48:30 GMT" time="0.007" errors="0">
  <testcase name="method1" time="0.003" classname="com.vasu.testng.AnnotationTest"/>
  <testcase name="method2" time="0.004" classname="com.vasu.testng.AnnotationTest"/>
</testsuite> <!-- com.vasu.testng.AnnotationTest -->
