<?xml version="1.0" encoding="UTF-8"?>
<!-- Generated by org.testng.reporters.JUnitReportReporter -->
<testsuite hostname="Amaradhi" name="com.vasu.testng.AdminLoginTest" tests="3" failures="0" timestamp="24 Mar 2019 19:59:20 GMT" time="11.681" errors="0">
  <testcase name="appLaunch" time="10.376" classname="com.vasu.testng.AdminLoginTest"/>
  <testcase name="appClose" time="0.175" classname="com.vasu.testng.AdminLoginTest"/>
  <testcase name="appLogin" time="1.130" classname="com.vasu.testng.AdminLoginTest"/>
</testsuite> <!-- com.vasu.testng.AdminLoginTest -->
